# JRE version: Java(TM) SE Runtime Environment (7.0_71-b14) (build 1.7.0_71-b14)
# Java VM: Java HotSpot(TM) 64-Bit Server VM (24.71-b01 mixed mode windows-amd64 compressed oops)
Heap
 PSYoungGen      total 254464K, used 109382K [0x00000000eaa80000, 0x00000000fb980000, 0x0000000100000000)
  eden space 235520K, 39% used [0x00000000eaa80000,0x00000000f0670d30,0x00000000f9080000)
  from space 18944K, 80% used [0x00000000fa700000,0x00000000fb5e0bf8,0x00000000fb980000)
  to   space 20992K, 0% used [0x00000000f9080000,0x00000000f9080000,0x00000000fa500000)
 ParOldGen       total 75264K, used 39408K [0x00000000c0000000, 0x00000000c4980000, 0x00000000eaa80000)
  object space 75264K, 52% used [0x00000000c0000000,0x00000000c267c0c8,0x00000000c4980000)
 PSPermGen       total 108032K, used 51223K [0x00000000b0000000, 0x00000000b6980000, 0x00000000c0000000)
  object space 108032K, 47% used [0x00000000b0000000,0x00000000b3205fb8,0x00000000b6980000)
GC Heap History (10 events):
Event: 32.138 GC heap before
{Heap before GC invocations=16 (full 0):
 PSYoungGen      total 143872K, used 143871K [0x00000000eaa80000, 0x00000000f9680000, 0x0000000100000000)
  eden space 134144K, 100% used [0x00000000eaa80000,0x00000000f2d80000,0x00000000f2d80000)
  from space 9728K, 99% used [0x00000000f2d80000,0x00000000f36fff18,0x00000000f3700000)
  to   space 13312K, 0% used [0x00000000f8980000,0x00000000f8980000,0x00000000f9680000)
 ParOldGen       total 42496K, used 27677K [0x00000000c0000000, 0x00000000c2980000, 0x00000000eaa80000)
  object space 42496K, 65% used [0x00000000c0000000,0x00000000c1b07678,0x00000000c2980000)
 PSPermGen       total 47616K, used 47335K [0x00000000b0000000, 0x00000000b2e80000, 0x00000000c0000000)
  object space 47616K, 99% used [0x00000000b0000000,0x00000000b2e39e38,0x00000000b2e80000)
Event: 32.195 GC heap after
Heap after GC invocations=16 (full 0):
 PSYoungGen      total 221696K, used 13311K [0x00000000eaa80000, 0x00000000fa380000, 0x0000000100000000)
  eden space 208384K, 0% used [0x00000000eaa80000,0x00000000eaa80000,0x00000000f7600000)
  from space 13312K, 99% used [0x00000000f8980000,0x00000000f967fe20,0x00000000f9680000)
  to   space 19968K, 0% used [0x00000000f7600000,0x00000000f7600000,0x00000000f8980000)
 ParOldGen       total 42496K, used 39015K [0x00000000c0000000, 0x00000000c2980000, 0x00000000eaa80000)
  object space 42496K, 91% used [0x00000000c0000000,0x00000000c2619f48,0x00000000c2980000)
 PSPermGen       total 47616K, used 47335K [0x00000000b0000000, 0x00000000b2e80000, 0x00000000c0000000)
  object space 47616K, 99% used [0x00000000b0000000,0x00000000b2e39e38,0x00000000b2e80000)
}
Event: 32.195 GC heap before
{Heap before GC invocations=17 (full 1):
 PSYoungGen      total 221696K, used 13311K [0x00000000eaa80000, 0x00000000fa380000, 0x0000000100000000)
  eden space 208384K, 0% used [0x00000000eaa80000,0x00000000eaa80000,0x00000000f7600000)
  from space 13312K, 99% used [0x00000000f8980000,0x00000000f967fe20,0x00000000f9680000)
  to   space 19968K, 0% used [0x00000000f7600000,0x00000000f7600000,0x00000000f8980000)
 ParOldGen       total 42496K, used 39015K [0x00000000c0000000, 0x00000000c2980000, 0x00000000eaa80000)
  object space 42496K, 91% used [0x00000000c0000000,0x00000000c2619f48,0x00000000c2980000)
 PSPermGen       total 47616K, used 47335K [0x00000000b0000000, 0x00000000b2e80000, 0x00000000c0000000)
  object space 47616K, 99% used [0x00000000b0000000,0x00000000b2e39e38,0x00000000b2e80000)
Event: 32.949 GC heap after
Heap after GC invocations=17 (full 1):
 PSYoungGen      total 221696K, used 0K [0x00000000eaa80000, 0x00000000fa380000, 0x0000000100000000)
  eden space 208384K, 0% used [0x00000000eaa80000,0x00000000eaa80000,0x00000000f7600000)
  from space 13312K, 0% used [0x00000000f8980000,0x00000000f8980000,0x00000000f9680000)
  to   space 19968K, 0% used [0x00000000f7600000,0x00000000f7600000,0x00000000f8980000)
 ParOldGen       total 75264K, used 39241K [0x00000000c0000000, 0x00000000c4980000, 0x00000000eaa80000)
  object space 75264K, 52% used [0x00000000c0000000,0x00000000c26527f0,0x00000000c4980000)
 PSPermGen       total 94720K, used 47264K [0x00000000b0000000, 0x00000000b5c80000, 0x00000000c0000000)
  object space 94720K, 49% used [0x00000000b0000000,0x00000000b2e282a0,0x00000000b5c80000)
}
Event: 35.275 GC heap before
{Heap before GC invocations=18 (full 1):
 PSYoungGen      total 221696K, used 61439K [0x00000000eaa80000, 0x00000000fa380000, 0x0000000100000000)
  eden space 208384K, 29% used [0x00000000eaa80000,0x00000000ee67fea0,0x00000000f7600000)
  from space 13312K, 0% used [0x00000000f8980000,0x00000000f8980000,0x00000000f9680000)
  to   space 19968K, 0% used [0x00000000f7600000,0x00000000f7600000,0x00000000f8980000)
 ParOldGen       total 75264K, used 39241K [0x00000000c0000000, 0x00000000c4980000, 0x00000000eaa80000)
  object space 75264K, 52% used [0x00000000c0000000,0x00000000c26527f0,0x00000000c4980000)
 PSPermGen       total 94720K, used 48942K [0x00000000b0000000, 0x00000000b5c80000, 0x00000000c0000000)
  object space 94720K, 51% used [0x00000000b0000000,0x00000000b2fcb900,0x00000000b5c80000)
Event: 35.289 GC heap after
Heap after GC invocations=18 (full 1):
 PSYoungGen      total 228352K, used 5852K [0x00000000eaa80000, 0x00000000fb980000, 0x0000000100000000)
  eden space 208384K, 0% used [0x00000000eaa80000,0x00000000eaa80000,0x00000000f7600000)
  from space 19968K, 29% used [0x00000000f7600000,0x00000000f7bb7118,0x00000000f8980000)
  to   space 18944K, 0% used [0x00000000fa700000,0x00000000fa700000,0x00000000fb980000)
 ParOldGen       total 75264K, used 39241K [0x00000000c0000000, 0x00000000c4980000, 0x00000000eaa80000)
  object space 75264K, 52% used [0x00000000c0000000,0x00000000c26527f0,0x00000000c4980000)
 PSPermGen       total 94720K, used 48942K [0x00000000b0000000, 0x00000000b5c80000, 0x00000000c0000000)
  object space 94720K, 51% used [0x00000000b0000000,0x00000000b2fcb900,0x00000000b5c80000)
}
Event: 35.289 GC heap before
{Heap before GC invocations=19 (full 2):
 PSYoungGen      total 228352K, used 5852K [0x00000000eaa80000, 0x00000000fb980000, 0x0000000100000000)
  eden space 208384K, 0% used [0x00000000eaa80000,0x00000000eaa80000,0x00000000f7600000)
  from space 19968K, 29% used [0x00000000f7600000,0x00000000f7bb7118,0x00000000f8980000)
  to   space 18944K, 0% used [0x00000000fa700000,0x00000000fa700000,0x00000000fb980000)
 ParOldGen       total 75264K, used 39241K [0x00000000c0000000, 0x00000000c4980000, 0x00000000eaa80000)
  object space 75264K, 52% used [0x00000000c0000000,0x00000000c26527f0,0x00000000c4980000)
 PSPermGen       total 94720K, used 48942K [0x00000000b0000000, 0x00000000b5c80000, 0x00000000c0000000)
  object space 94720K, 51% used [0x00000000b0000000,0x00000000b2fcb900,0x00000000b5c80000)
Event: 35.830 GC heap after
Heap after GC invocations=19 (full 2):
 PSYoungGen      total 228352K, used 0K [0x00000000eaa80000, 0x00000000fb980000, 0x0000000100000000)
  eden space 208384K, 0% used [0x00000000eaa80000,0x00000000eaa80000,0x00000000f7600000)
  from space 19968K, 0% used [0x00000000f7600000,0x00000000f7600000,0x00000000f8980000)
  to   space 18944K, 0% used [0x00000000fa700000,0x00000000fa700000,0x00000000fb980000)
 ParOldGen       total 75264K, used 39408K [0x00000000c0000000, 0x00000000c4980000, 0x00000000eaa80000)
  object space 75264K, 52% used [0x00000000c0000000,0x00000000c267c0c8,0x00000000c4980000)
 PSPermGen       total 108032K, used 48940K [0x00000000b0000000, 0x00000000b6980000, 0x00000000c0000000)
  object space 108032K, 45% used [0x00000000b0000000,0x00000000b2fcb208,0x00000000b6980000)
}
Event: 55.495 GC heap before
{Heap before GC invocations=20 (full 2):
 PSYoungGen      total 228352K, used 208384K [0x00000000eaa80000, 0x00000000fb980000, 0x0000000100000000)
  eden space 208384K, 100% used [0x00000000eaa80000,0x00000000f7600000,0x00000000f7600000)
  from space 19968K, 0% used [0x00000000f7600000,0x00000000f7600000,0x00000000f8980000)
  to   space 18944K, 0% used [0x00000000fa700000,0x00000000fa700000,0x00000000fb980000)
 ParOldGen       total 75264K, used 39408K [0x00000000c0000000, 0x00000000c4980000, 0x00000000eaa80000)
  object space 75264K, 52% used [0x00000000c0000000,0x00000000c267c0c8,0x00000000c4980000)
 PSPermGen       total 108032K, used 50574K [0x00000000b0000000, 0x00000000b6980000, 0x00000000c0000000)
  object space 108032K, 46% used [0x00000000b0000000,0x00000000b3163a08,0x00000000b6980000)
Event: 55.566 GC heap after
Heap after GC invocations=20 (full 2):
 PSYoungGen      total 254464K, used 15234K [0x00000000eaa80000, 0x00000000fb980000, 0x0000000100000000)
  eden space 235520K, 0% used [0x00000000eaa80000,0x00000000eaa80000,0x00000000f9080000)
  from space 18944K, 80% used [0x00000000fa700000,0x00000000fb5e0bf8,0x00000000fb980000)
  to   space 20992K, 0% used [0x00000000f9080000,0x00000000f9080000,0x00000000fa500000)
 ParOldGen       total 75264K, used 39408K [0x00000000c0000000, 0x00000000c4980000, 0x00000000eaa80000)
  object space 75264K, 52% used [0x00000000c0000000,0x00000000c267c0c8,0x00000000c4980000)
 PSPermGen       total 108032K, used 50574K [0x00000000b0000000, 0x00000000b6980000, 0x00000000c0000000)
  object space 108032K, 46% used [0x00000000b0000000,0x00000000b3163a08,0x00000000b6980000)
}

