# JRE version: Java(TM) SE Runtime Environment (7.0_71-b14) (build 1.7.0_71-b14)
# Java VM: Java HotSpot(TM) 64-Bit Server VM (24.71-b01 mixed mode windows-amd64 compressed oops)
Heap
 PSYoungGen      total 146432K, used 41627K [0x00000000eaa80000, 0x00000000f4c80000, 0x0000000100000000)
  eden space 129024K, 32% used [0x00000000eaa80000,0x00000000ed326ca0,0x00000000f2880000)
  from space 17408K, 0% used [0x00000000f2880000,0x00000000f2880000,0x00000000f3980000)
  to   space 15360K, 0% used [0x00000000f3980000,0x00000000f3980000,0x00000000f4880000)
 ParOldGen       total 42496K, used 42449K [0x00000000c0000000, 0x00000000c2980000, 0x00000000eaa80000)
  object space 42496K, 99% used [0x00000000c0000000,0x00000000c29747f0,0x00000000c2980000)
 PSPermGen       total 21504K, used 6209K [0x00000000bae00000, 0x00000000bc300000, 0x00000000c0000000)
  object space 21504K, 28% used [0x00000000bae00000,0x00000000bb410460,0x00000000bc300000)
GC Heap History (10 events):
Event: 8.759 GC heap before
{Heap before GC invocations=5 (full 0):
 PSYoungGen      total 68096K, used 68093K [0x00000000eaa80000, 0x00000000eef80000, 0x0000000100000000)
  eden space 65536K, 100% used [0x00000000eaa80000,0x00000000eea80000,0x00000000eea80000)
  from space 2560K, 99% used [0x00000000eed00000,0x00000000eef7f4e8,0x00000000eef80000)
  to   space 2560K, 0% used [0x00000000eea80000,0x00000000eea80000,0x00000000eed00000)
 ParOldGen       total 42496K, used 13800K [0x00000000c0000000, 0x00000000c2980000, 0x00000000eaa80000)
  object space 42496K, 32% used [0x00000000c0000000,0x00000000c0d7a0e0,0x00000000c2980000)
 PSPermGen       total 21504K, used 6026K [0x00000000bae00000, 0x00000000bc300000, 0x00000000c0000000)
  object space 21504K, 28% used [0x00000000bae00000,0x00000000bb3e2b20,0x00000000bc300000)
Event: 8.888 GC heap after
Heap after GC invocations=5 (full 0):
 PSYoungGen      total 68096K, used 2557K [0x00000000eaa80000, 0x00000000f4880000, 0x0000000100000000)
  eden space 65536K, 0% used [0x00000000eaa80000,0x00000000eaa80000,0x00000000eea80000)
  from space 2560K, 99% used [0x00000000eea80000,0x00000000eecff4e8,0x00000000eed00000)
  to   space 15360K, 0% used [0x00000000f3980000,0x00000000f3980000,0x00000000f4880000)
 ParOldGen       total 42496K, used 24052K [0x00000000c0000000, 0x00000000c2980000, 0x00000000eaa80000)
  object space 42496K, 56% used [0x00000000c0000000,0x00000000c177d2b8,0x00000000c2980000)
 PSPermGen       total 21504K, used 6026K [0x00000000bae00000, 0x00000000bc300000, 0x00000000c0000000)
  object space 21504K, 28% used [0x00000000bae00000,0x00000000bb3e2b20,0x00000000bc300000)
}
Event: 9.819 GC heap before
{Heap before GC invocations=6 (full 0):
 PSYoungGen      total 68096K, used 68093K [0x00000000eaa80000, 0x00000000f4880000, 0x0000000100000000)
  eden space 65536K, 100% used [0x00000000eaa80000,0x00000000eea80000,0x00000000eea80000)
  from space 2560K, 99% used [0x00000000eea80000,0x00000000eecff4e8,0x00000000eed00000)
  to   space 15360K, 0% used [0x00000000f3980000,0x00000000f3980000,0x00000000f4880000)
 ParOldGen       total 42496K, used 24052K [0x00000000c0000000, 0x00000000c2980000, 0x00000000eaa80000)
  object space 42496K, 56% used [0x00000000c0000000,0x00000000c177d2b8,0x00000000c2980000)
 PSPermGen       total 21504K, used 6067K [0x00000000bae00000, 0x00000000bc300000, 0x00000000c0000000)
  object space 21504K, 28% used [0x00000000bae00000,0x00000000bb3ece98,0x00000000bc300000)
Event: 9.888 GC heap after
Heap after GC invocations=6 (full 0):
 PSYoungGen      total 144384K, used 13530K [0x00000000eaa80000, 0x00000000f4c80000, 0x0000000100000000)
  eden space 129024K, 0% used [0x00000000eaa80000,0x00000000eaa80000,0x00000000f2880000)
  from space 15360K, 88% used [0x00000000f3980000,0x00000000f46b6af8,0x00000000f4880000)
  to   space 17408K, 0% used [0x00000000f2880000,0x00000000f2880000,0x00000000f3980000)
 ParOldGen       total 42496K, used 24052K [0x00000000c0000000, 0x00000000c2980000, 0x00000000eaa80000)
  object space 42496K, 56% used [0x00000000c0000000,0x00000000c177d2b8,0x00000000c2980000)
 PSPermGen       total 21504K, used 6067K [0x00000000bae00000, 0x00000000bc300000, 0x00000000c0000000)
  object space 21504K, 28% used [0x00000000bae00000,0x00000000bb3ece98,0x00000000bc300000)
}
Event: 11.086 GC heap before
{Heap before GC invocations=7 (full 0):
 PSYoungGen      total 144384K, used 142554K [0x00000000eaa80000, 0x00000000f4c80000, 0x0000000100000000)
  eden space 129024K, 100% used [0x00000000eaa80000,0x00000000f2880000,0x00000000f2880000)
  from space 15360K, 88% used [0x00000000f3980000,0x00000000f46b6af8,0x00000000f4880000)
  to   space 17408K, 0% used [0x00000000f2880000,0x00000000f2880000,0x00000000f3980000)
 ParOldGen       total 42496K, used 24052K [0x00000000c0000000, 0x00000000c2980000, 0x00000000eaa80000)
  object space 42496K, 56% used [0x00000000c0000000,0x00000000c177d2b8,0x00000000c2980000)
 PSPermGen       total 21504K, used 6138K [0x00000000bae00000, 0x00000000bc300000, 0x00000000c0000000)
  object space 21504K, 28% used [0x00000000bae00000,0x00000000bb3feae8,0x00000000bc300000)
Event: 11.290 GC heap after
Heap after GC invocations=7 (full 0):
 PSYoungGen      total 146432K, used 17394K [0x00000000eaa80000, 0x00000000f4c80000, 0x0000000100000000)
  eden space 129024K, 0% used [0x00000000eaa80000,0x00000000eaa80000,0x00000000f2880000)
  from space 17408K, 99% used [0x00000000f2880000,0x00000000f397cb08,0x00000000f3980000)
  to   space 15360K, 0% used [0x00000000f3980000,0x00000000f3980000,0x00000000f4880000)
 ParOldGen       total 42496K, used 40608K [0x00000000c0000000, 0x00000000c2980000, 0x00000000eaa80000)
  object space 42496K, 95% used [0x00000000c0000000,0x00000000c27a83d0,0x00000000c2980000)
 PSPermGen       total 21504K, used 6138K [0x00000000bae00000, 0x00000000bc300000, 0x00000000c0000000)
  object space 21504K, 28% used [0x00000000bae00000,0x00000000bb3feae8,0x00000000bc300000)
}
Event: 11.290 GC heap before
{Heap before GC invocations=8 (full 1):
 PSYoungGen      total 146432K, used 17394K [0x00000000eaa80000, 0x00000000f4c80000, 0x0000000100000000)
  eden space 129024K, 0% used [0x00000000eaa80000,0x00000000eaa80000,0x00000000f2880000)
  from space 17408K, 99% used [0x00000000f2880000,0x00000000f397cb08,0x00000000f3980000)
  to   space 15360K, 0% used [0x00000000f3980000,0x00000000f3980000,0x00000000f4880000)
 ParOldGen       total 42496K, used 40608K [0x00000000c0000000, 0x00000000c2980000, 0x00000000eaa80000)
  object space 42496K, 95% used [0x00000000c0000000,0x00000000c27a83d0,0x00000000c2980000)
 PSPermGen       total 21504K, used 6138K [0x00000000bae00000, 0x00000000bc300000, 0x00000000c0000000)
  object space 21504K, 28% used [0x00000000bae00000,0x00000000bb3feae8,0x00000000bc300000)
Event: 12.541 GC heap after
Heap after GC invocations=8 (full 1):
 PSYoungGen      total 146432K, used 12165K [0x00000000eaa80000, 0x00000000f4c80000, 0x0000000100000000)
  eden space 129024K, 0% used [0x00000000eaa80000,0x00000000eaa80000,0x00000000f2880000)
  from space 17408K, 69% used [0x00000000f2880000,0x00000000f34615f8,0x00000000f3980000)
  to   space 15360K, 0% used [0x00000000f3980000,0x00000000f3980000,0x00000000f4880000)
 ParOldGen       total 42496K, used 42218K [0x00000000c0000000, 0x00000000c2980000, 0x00000000eaa80000)
  object space 42496K, 99% used [0x00000000c0000000,0x00000000c293a838,0x00000000c2980000)
 PSPermGen       total 21504K, used 6132K [0x00000000bae00000, 0x00000000bc300000, 0x00000000c0000000)
  object space 21504K, 28% used [0x00000000bae00000,0x00000000bb3fd028,0x00000000bc300000)
}
Event: 13.540 GC heap before
{Heap before GC invocations=9 (full 2):
 PSYoungGen      total 146432K, used 141189K [0x00000000eaa80000, 0x00000000f4c80000, 0x0000000100000000)
  eden space 129024K, 100% used [0x00000000eaa80000,0x00000000f2880000,0x00000000f2880000)
  from space 17408K, 69% used [0x00000000f2880000,0x00000000f34615f8,0x00000000f3980000)
  to   space 15360K, 0% used [0x00000000f3980000,0x00000000f3980000,0x00000000f4880000)
 ParOldGen       total 42496K, used 42218K [0x00000000c0000000, 0x00000000c2980000, 0x00000000eaa80000)
  object space 42496K, 99% used [0x00000000c0000000,0x00000000c293a838,0x00000000c2980000)
 PSPermGen       total 21504K, used 6155K [0x00000000bae00000, 0x00000000bc300000, 0x00000000c0000000)
  object space 21504K, 28% used [0x00000000bae00000,0x00000000bb402e88,0x00000000bc300000)
Event: 14.767 GC heap after
Heap after GC invocations=9 (full 2):
 PSYoungGen      total 146432K, used 28092K [0x00000000eaa80000, 0x00000000f4c80000, 0x0000000100000000)
  eden space 129024K, 21% used [0x00000000eaa80000,0x00000000ec5ef110,0x00000000f2880000)
  from space 17408K, 0% used [0x00000000f2880000,0x00000000f2880000,0x00000000f3980000)
  to   space 15360K, 0% used [0x00000000f3980000,0x00000000f3980000,0x00000000f4880000)
 ParOldGen       total 42496K, used 42449K [0x00000000c0000000, 0x00000000c2980000, 0x00000000eaa80000)
  object space 42496K, 99% used [0x00000000c0000000,0x00000000c29747f0,0x00000000c2980000)
 PSPermGen       total 21504K, used 6155K [0x00000000bae00000, 0x00000000bc300000, 0x00000000c0000000)
  object space 21504K, 28% used [0x00000000bae00000,0x00000000bb402d48,0x00000000bc300000)
}

